<?xml version="1.0" encoding="UTF-8"?>
<!-- Generated by org.testng.reporters.JUnitReportReporter -->
<testsuite hostname="Pranav-Yadav" failures="0" tests="4" name="GroupingTest.TestNGGroupDemo" time="0.010" errors="0" timestamp="2022-05-28T12:56:23 IST" skipped="0">
  <testcase classname="GroupingTest.TestNGGroupDemo" name="test4" time="0.002"/>
  <system-out/>
  <testcase classname="GroupingTest.TestNGGroupDemo" name="test3" time="0.002"/>
  <system-out/>
  <testcase classname="GroupingTest.TestNGGroupDemo" name="test1" time="0.004"/>
  <system-out/>
  <testcase classname="GroupingTest.TestNGGroupDemo" name="test2" time="0.002"/>
  <system-out/>
</testsuite> <!-- GroupingTest.TestNGGroupDemo -->
