<?xml version="1.0" encoding="UTF-8"?>
<!-- Generated by org.testng.reporters.JUnitReportReporter -->
<testsuite hostname="Pranav-Yadav" failures="0" tests="3" name="utils.ExcelDataProvider" time="14.496" errors="0" timestamp="2022-05-26T22:18:15 IST" skipped="0">
  <testcase classname="utils.ExcelDataProvider" name="test1" time="7.693"/>
  <system-out/>
  <testcase classname="utils.ExcelDataProvider" name="test1" time="3.339"/>
  <system-out/>
  <testcase classname="utils.ExcelDataProvider" name="test1" time="3.464"/>
  <system-out/>
</testsuite> <!-- utils.ExcelDataProvider -->
