<?xml version="1.0" encoding="UTF-8"?>
<!-- Generated by org.testng.reporters.JUnitReportReporter -->
<testsuite hostname="Pranav-Yadav" failures="0" tests="3" name="TestNgDependency.TestNgDependencyDemo" time="0.013" errors="0" timestamp="2022-05-28T13:03:42 IST" skipped="0">
  <testcase classname="TestNgDependency.TestNgDependencyDemo" name="test2" time="0.010"/>
  <system-out/>
  <testcase classname="TestNgDependency.TestNgDependencyDemo" name="test3" time="0.002"/>
  <system-out/>
  <testcase classname="TestNgDependency.TestNgDependencyDemo" name="test1" time="0.001"/>
  <system-out/>
</testsuite> <!-- TestNgDependency.TestNgDependencyDemo -->
