<?xml version="1.0" encoding="UTF-8"?>
<!-- Generated by org.testng.reporters.JUnitReportReporter -->
<testsuite hostname="Pranav-Yadav" failures="0" tests="1" name="TestNgParameters.TestNgParametersDemo" time="0.007" errors="0" timestamp="2022-05-28T11:00:13 IST" skipped="0">
  <testcase classname="TestNgParameters.TestNgParametersDemo" name="test" time="0.007"/>
  <system-out/>
</testsuite> <!-- TestNgParameters.TestNgParametersDemo -->
