<?xml version="1.0" encoding="UTF-8"?>
<!-- Generated by org.testng.reporters.JUnitReportReporter -->
<testsuite hostname="Pranav-Yadav" failures="0" tests="3" name="listeners.TestNGListenersDemo" time="17.761" errors="0" timestamp="2022-05-26T23:25:49 IST" skipped="1">
  <testcase classname="listeners.TestNGListenersDemo" name="test1" time="0.009"/>
  <system-out/>
  <testcase classname="listeners.TestNGListenersDemo" name="test2" time="17.749"/>
  <system-out/>
  <testcase classname="listeners.TestNGListenersDemo" name="test3" time="0.003">
    <skipped/>
  </testcase> <!-- test3 -->
  <system-out/>
</testsuite> <!-- listeners.TestNGListenersDemo -->
