<?xml version="1.0" encoding="UTF-8"?>
<!-- Generated by org.testng.reporters.JUnitReportReporter -->
<testsuite hostname="Pranav-Yadav" failures="0" tests="1" name="TestNgIgnoreTest.TestNgIgnoreTestDemo" time="0.010" errors="0" timestamp="2022-05-28T13:16:47 IST" skipped="0">
  <testcase classname="TestNgIgnoreTest.TestNgIgnoreTestDemo" name="test2" time="0.010"/>
  <system-out/>
</testsuite> <!-- TestNgIgnoreTest.TestNgIgnoreTestDemo -->
