<?xml version="1.0" encoding="UTF-8"?>
<!-- Generated by org.testng.reporters.JUnitReportReporter -->
<testsuite hostname="Pranav-Yadav" failures="0" tests="3" name="MultipleBrowserParallelTest.TestNgMultiBrowserDemo" time="40.848" errors="0" timestamp="2022-05-27T00:44:22 IST" skipped="0">
  <testcase classname="MultipleBrowserParallelTest.TestNgMultiBrowserDemo" name="test1" time="14.990"/>
  <system-out/>
  <testcase classname="MultipleBrowserParallelTest.TestNgMultiBrowserDemo" name="test1" time="9.409"/>
  <system-out/>
  <testcase classname="MultipleBrowserParallelTest.TestNgMultiBrowserDemo" name="test1" time="16.449"/>
  <system-out/>
</testsuite> <!-- MultipleBrowserParallelTest.TestNgMultiBrowserDemo -->
