<?xml version="1.0" encoding="UTF-8"?>
<!-- Generated by org.testng.reporters.JUnitReportReporter -->
<testsuite hostname="Pranav-Yadav" failures="0" tests="1" name="Test.SeleniumFrameWork.DesiredCapabilitiesDemo" time="15.215" errors="0" timestamp="2022-05-22T11:54:57 IST" skipped="0">
  <testcase classname="Test.SeleniumFrameWork.DesiredCapabilitiesDemo" name="setUpTest" time="15.215"/>
  <system-out/>
</testsuite> <!-- Test.SeleniumFrameWork.DesiredCapabilitiesDemo -->
