<?xml version="1.0" encoding="UTF-8"?>
<!-- Generated by org.testng.reporters.JUnitReportReporter -->
<testsuite hostname="Pranav-Yadav" failures="0" tests="3" name="Priority.TestNgPriorityDemo" time="0.017" errors="0" timestamp="2022-05-26T23:45:22 IST" skipped="0">
  <testcase classname="Priority.TestNgPriorityDemo" name="three" time="0.001"/>
  <system-out/>
  <testcase classname="Priority.TestNgPriorityDemo" name="two" time="0.001"/>
  <system-out/>
  <testcase classname="Priority.TestNgPriorityDemo" name="one" time="0.015"/>
  <system-out/>
</testsuite> <!-- Priority.TestNgPriorityDemo -->
