<?xml version="1.0" encoding="UTF-8"?>
<!-- Generated by org.testng.reporters.JUnitReportReporter -->
<testsuite hostname="Pranav-Yadav" failures="0" tests="1" name="Test.SeleniumFrameWork.TestNgMethod" time="6.928" errors="0" timestamp="2022-05-24T09:13:07 IST" skipped="0">
  <testcase classname="Test.SeleniumFrameWork.TestNgMethod" name="googleSearchText" time="6.928"/>
  <system-out/>
</testsuite> <!-- Test.SeleniumFrameWork.TestNgMethod -->
