<?xml version="1.0" encoding="UTF-8"?>
<!-- Generated by org.testng.reporters.JUnitReportReporter -->
<testsuite hostname="Pranav-Yadav" failures="0" tests="1" name="SeleniumWait.SeleniumWaitDemo" time="13.655" errors="0" timestamp="2022-05-29T10:34:56 IST" skipped="0">
  <testcase classname="SeleniumWait.SeleniumWaitDemo" name="seleniumWaits" time="13.655"/>
  <system-out/>
</testsuite> <!-- SeleniumWait.SeleniumWaitDemo -->
